{"C:\\Users\\denis\\Documents\\projetos\\hypery_vue\\src\\components\\MoviesGrid.vue": {"path":"C:\\Users\\denis\\Documents\\projetos\\hypery_vue\\src\\components\\MoviesGrid.vue","statementMap":{"0":{"start":{"line":32,"column":0},"end":{"line":32,"column":null}},"1":{"start":{"line":38,"column":0},"end":{"line":38,"column":null}},"2":{"start":{"line":53,"column":0},"end":{"line":53,"column":null}},"3":{"start":{"line":57,"column":0},"end":{"line":63,"column":null}},"4":{"start":{"line":58,"column":0},"end":{"line":58,"column":null}},"5":{"start":{"line":59,"column":0},"end":{"line":59,"column":null}},"6":{"start":{"line":60,"column":0},"end":{"line":60,"column":null}},"7":{"start":{"line":61,"column":0},"end":{"line":61,"column":null}},"8":{"start":{"line":62,"column":0},"end":{"line":62,"column":null}},"9":{"start":{"line":65,"column":0},"end":{"line":65,"column":null}}},"fnMap":{"0":{"name":"(anonymous_1)","decl":{"start":{"line":37,"column":0},"end":{"line":37,"column":null}},"loc":{"start":{"line":37,"column":0},"end":{"line":41,"column":null}}},"1":{"name":"(anonymous_2)","decl":{"start":{"line":47,"column":0},"end":{"line":47,"column":null}},"loc":{"start":{"line":47,"column":0},"end":{"line":47,"column":null}}},"2":{"name":"(anonymous_3)","decl":{"start":{"line":52,"column":0},"end":{"line":52,"column":null}},"loc":{"start":{"line":52,"column":0},"end":{"line":54,"column":null}}},"3":{"name":"(anonymous_4)","decl":{"start":{"line":56,"column":0},"end":{"line":56,"column":null}},"loc":{"start":{"line":56,"column":0},"end":{"line":66,"column":null}}}},"branchMap":{"0":{"loc":{"start":{"line":57,"column":0},"end":{"line":63,"column":null}},"type":"if","locations":[{"start":{"line":57,"column":0},"end":{"line":63,"column":null}},{"start":{"line":57,"column":0},"end":{"line":63,"column":null}}]},"1":{"loc":{"start":{"line":59,"column":0},"end":{"line":59,"column":null}},"type":"cond-expr","locations":[{"start":{"line":59,"column":0},"end":{"line":59,"column":null}},{"start":{"line":59,"column":0},"end":{"line":59,"column":null}}]},"2":{"loc":{"start":{"line":61,"column":0},"end":{"line":61,"column":null}},"type":"cond-expr","locations":[{"start":{"line":61,"column":0},"end":{"line":61,"column":null}},{"start":{"line":61,"column":0},"end":{"line":61,"column":null}}]}},"s":{"0":0,"1":0,"2":0,"3":0,"4":0,"5":0,"6":0,"7":0,"8":0,"9":0},"f":{"0":0,"1":0,"2":0,"3":0},"b":{"0":[0,0],"1":[0,0],"2":[0,0]}}
,"C:\\Users\\denis\\Documents\\projetos\\hypery_vue\\src\\components\\shared\\AppToolbar.vue": {"path":"C:\\Users\\denis\\Documents\\projetos\\hypery_vue\\src\\components\\shared\\AppToolbar.vue","statementMap":{"0":{"start":{"line":13,"column":0},"end":{"line":13,"column":null}},"1":{"start":{"line":19,"column":0},"end":{"line":19,"column":null}},"2":{"start":{"line":26,"column":0},"end":{"line":26,"column":null}},"3":{"start":{"line":28,"column":0},"end":{"line":30,"column":null}},"4":{"start":{"line":29,"column":0},"end":{"line":29,"column":null}},"5":{"start":{"line":38,"column":0},"end":{"line":38,"column":null}},"6":{"start":{"line":39,"column":0},"end":{"line":39,"column":null}}},"fnMap":{"0":{"name":"(anonymous_1)","decl":{"start":{"line":18,"column":0},"end":{"line":18,"column":null}},"loc":{"start":{"line":18,"column":0},"end":{"line":23,"column":null}}},"1":{"name":"(anonymous_2)","decl":{"start":{"line":25,"column":0},"end":{"line":25,"column":null}},"loc":{"start":{"line":25,"column":0},"end":{"line":31,"column":null}}},"2":{"name":"(anonymous_3)","decl":{"start":{"line":28,"column":0},"end":{"line":28,"column":null}},"loc":{"start":{"line":28,"column":0},"end":{"line":30,"column":null}}},"3":{"name":"(anonymous_4)","decl":{"start":{"line":37,"column":0},"end":{"line":37,"column":null}},"loc":{"start":{"line":37,"column":0},"end":{"line":40,"column":null}}}},"branchMap":{},"s":{"0":1,"1":2,"2":2,"3":2,"4":0,"5":2,"6":2},"f":{"0":2,"1":2,"2":0,"3":2},"b":{}}
,"C:\\Users\\denis\\Documents\\projetos\\hypery_vue\\src\\components\\shared\\CustomLoader.vue": {"path":"C:\\Users\\denis\\Documents\\projetos\\hypery_vue\\src\\components\\shared\\CustomLoader.vue","statementMap":{"0":{"start":{"line":13,"column":0},"end":{"line":13,"column":null}},"1":{"start":{"line":19,"column":0},"end":{"line":27,"column":null}},"2":{"start":{"line":26,"column":0},"end":{"line":26,"column":null}}},"fnMap":{"0":{"name":"(anonymous_1)","decl":{"start":{"line":18,"column":0},"end":{"line":18,"column":null}},"loc":{"start":{"line":18,"column":0},"end":{"line":34,"column":null}}},"1":{"name":"(anonymous_2)","decl":{"start":{"line":26,"column":0},"end":{"line":26,"column":null}},"loc":{"start":{"line":26,"column":0},"end":{"line":26,"column":null}}}},"branchMap":{},"s":{"0":0,"1":0,"2":0},"f":{"0":0,"1":0},"b":{}}
,"C:\\Users\\denis\\Documents\\projetos\\hypery_vue\\src\\components\\shared\\DrawerComponent.vue": {"path":"C:\\Users\\denis\\Documents\\projetos\\hypery_vue\\src\\components\\shared\\DrawerComponent.vue","statementMap":{"0":{"start":{"line":81,"column":0},"end":{"line":81,"column":null}},"1":{"start":{"line":87,"column":0},"end":{"line":87,"column":null}},"2":{"start":{"line":109,"column":0},"end":{"line":109,"column":null}},"3":{"start":{"line":111,"column":0},"end":{"line":113,"column":null}},"4":{"start":{"line":112,"column":0},"end":{"line":112,"column":null}},"5":{"start":{"line":115,"column":0},"end":{"line":117,"column":null}},"6":{"start":{"line":116,"column":0},"end":{"line":116,"column":null}},"7":{"start":{"line":125,"column":0},"end":{"line":127,"column":null}},"8":{"start":{"line":126,"column":0},"end":{"line":126,"column":null}},"9":{"start":{"line":131,"column":0},"end":{"line":136,"column":null}},"10":{"start":{"line":132,"column":0},"end":{"line":132,"column":null}},"11":{"start":{"line":140,"column":0},"end":{"line":140,"column":null}},"12":{"start":{"line":146,"column":0},"end":{"line":146,"column":null}}},"fnMap":{"0":{"name":"(anonymous_1)","decl":{"start":{"line":86,"column":0},"end":{"line":86,"column":null}},"loc":{"start":{"line":86,"column":0},"end":{"line":100,"column":null}}},"1":{"name":"(anonymous_2)","decl":{"start":{"line":108,"column":0},"end":{"line":108,"column":null}},"loc":{"start":{"line":108,"column":0},"end":{"line":118,"column":null}}},"2":{"name":"(anonymous_3)","decl":{"start":{"line":111,"column":0},"end":{"line":111,"column":null}},"loc":{"start":{"line":111,"column":0},"end":{"line":113,"column":null}}},"3":{"name":"(anonymous_4)","decl":{"start":{"line":124,"column":0},"end":{"line":124,"column":null}},"loc":{"start":{"line":124,"column":0},"end":{"line":128,"column":null}}},"4":{"name":"(anonymous_5)","decl":{"start":{"line":130,"column":0},"end":{"line":130,"column":null}},"loc":{"start":{"line":130,"column":0},"end":{"line":137,"column":null}}},"5":{"name":"(anonymous_6)","decl":{"start":{"line":139,"column":0},"end":{"line":139,"column":null}},"loc":{"start":{"line":139,"column":0},"end":{"line":141,"column":null}}},"6":{"name":"(anonymous_7)","decl":{"start":{"line":145,"column":0},"end":{"line":145,"column":null}},"loc":{"start":{"line":145,"column":0},"end":{"line":147,"column":null}}}},"branchMap":{"0":{"loc":{"start":{"line":115,"column":0},"end":{"line":117,"column":null}},"type":"if","locations":[{"start":{"line":115,"column":0},"end":{"line":117,"column":null}},{"start":{"line":115,"column":0},"end":{"line":117,"column":null}}]},"1":{"loc":{"start":{"line":125,"column":0},"end":{"line":127,"column":null}},"type":"if","locations":[{"start":{"line":125,"column":0},"end":{"line":127,"column":null}},{"start":{"line":125,"column":0},"end":{"line":127,"column":null}}]},"2":{"loc":{"start":{"line":131,"column":0},"end":{"line":136,"column":null}},"type":"if","locations":[{"start":{"line":131,"column":0},"end":{"line":136,"column":null}},{"start":{"line":131,"column":0},"end":{"line":136,"column":null}}]}},"s":{"0":1,"1":2,"2":2,"3":2,"4":0,"5":2,"6":2,"7":0,"8":0,"9":0,"10":0,"11":2,"12":0},"f":{"0":2,"1":2,"2":0,"3":0,"4":0,"5":2,"6":0},"b":{"0":[2,0],"1":[0,0],"2":[0,0]}}
,"C:\\Users\\denis\\Documents\\projetos\\hypery_vue\\src\\components\\shared\\Footer.vue": {"path":"C:\\Users\\denis\\Documents\\projetos\\hypery_vue\\src\\components\\shared\\Footer.vue","statementMap":{"0":{"start":{"line":19,"column":0},"end":{"line":19,"column":null}}},"fnMap":{"0":{"name":"(anonymous_1)","decl":{"start":{"line":18,"column":0},"end":{"line":18,"column":null}},"loc":{"start":{"line":18,"column":0},"end":{"line":20,"column":null}}}},"branchMap":{},"s":{"0":0},"f":{"0":0},"b":{}}
,"C:\\Users\\denis\\Documents\\projetos\\hypery_vue\\src\\store\\index.js": {"path":"C:\\Users\\denis\\Documents\\projetos\\hypery_vue\\src\\store\\index.js","statementMap":{"0":{"start":{"line":5,"column":0},"end":{"line":5,"column":14}}},"fnMap":{},"branchMap":{},"s":{"0":0},"f":{},"b":{}}
,"C:\\Users\\denis\\Documents\\projetos\\hypery_vue\\src\\store\\helpers\\helpers.store.js": {"path":"C:\\Users\\denis\\Documents\\projetos\\hypery_vue\\src\\store\\helpers\\helpers.store.js","statementMap":{"0":{"start":{"line":17,"column":6},"end":{"line":17,"column":39}},"1":{"start":{"line":23,"column":6},"end":{"line":23,"column":50}},"2":{"start":{"line":28,"column":28},"end":{"line":28,"column":45}},"3":{"start":{"line":29,"column":29},"end":{"line":29,"column":47}},"4":{"start":{"line":30,"column":25},"end":{"line":30,"column":39}},"5":{"start":{"line":31,"column":23},"end":{"line":31,"column":35}}},"fnMap":{"0":{"name":"(anonymous_0)","decl":{"start":{"line":16,"column":4},"end":{"line":16,"column":5}},"loc":{"start":{"line":16,"column":37},"end":{"line":18,"column":5}},"line":16},"1":{"name":"(anonymous_1)","decl":{"start":{"line":22,"column":4},"end":{"line":22,"column":5}},"loc":{"start":{"line":22,"column":39},"end":{"line":24,"column":5}},"line":22},"2":{"name":"(anonymous_2)","decl":{"start":{"line":28,"column":17},"end":{"line":28,"column":18}},"loc":{"start":{"line":28,"column":28},"end":{"line":28,"column":45}},"line":28},"3":{"name":"(anonymous_3)","decl":{"start":{"line":29,"column":18},"end":{"line":29,"column":19}},"loc":{"start":{"line":29,"column":29},"end":{"line":29,"column":47}},"line":29},"4":{"name":"(anonymous_4)","decl":{"start":{"line":30,"column":14},"end":{"line":30,"column":15}},"loc":{"start":{"line":30,"column":25},"end":{"line":30,"column":39}},"line":30},"5":{"name":"(anonymous_5)","decl":{"start":{"line":31,"column":12},"end":{"line":31,"column":13}},"loc":{"start":{"line":31,"column":23},"end":{"line":31,"column":35}},"line":31}},"branchMap":{},"s":{"0":0,"1":0,"2":0,"3":0,"4":0,"5":0},"f":{"0":0,"1":0,"2":0,"3":0,"4":0,"5":0},"b":{}}
,"C:\\Users\\denis\\Documents\\projetos\\hypery_vue\\src\\store\\mock\\Index.js": {"path":"C:\\Users\\denis\\Documents\\projetos\\hypery_vue\\src\\store\\mock\\Index.js","statementMap":{},"fnMap":{},"branchMap":{},"s":{},"f":{},"b":{},"_coverageSchema":"1a1c01bbd47fc00a2c39e90264f33305004495a9","hash":"d0c482c66688e8ce7e812bc2c2189a0cb8758457"}
,"C:\\Users\\denis\\Documents\\projetos\\hypery_vue\\src\\views\\app\\Layout.vue": {"path":"C:\\Users\\denis\\Documents\\projetos\\hypery_vue\\src\\views\\app\\Layout.vue","statementMap":{"0":{"start":{"line":61,"column":0},"end":{"line":61,"column":null}},"1":{"start":{"line":67,"column":0},"end":{"line":67,"column":null}},"2":{"start":{"line":68,"column":0},"end":{"line":68,"column":null}},"3":{"start":{"line":69,"column":0},"end":{"line":69,"column":null}},"4":{"start":{"line":70,"column":0},"end":{"line":70,"column":null}},"5":{"start":{"line":86,"column":0},"end":{"line":86,"column":null}}},"fnMap":{"0":{"name":"(anonymous_1)","decl":{"start":{"line":67,"column":0},"end":{"line":67,"column":null}},"loc":{"start":{"line":67,"column":0},"end":{"line":67,"column":null}}},"1":{"name":"(anonymous_3)","decl":{"start":{"line":68,"column":0},"end":{"line":68,"column":null}},"loc":{"start":{"line":68,"column":0},"end":{"line":68,"column":null}}},"2":{"name":"(anonymous_5)","decl":{"start":{"line":69,"column":0},"end":{"line":69,"column":null}},"loc":{"start":{"line":69,"column":0},"end":{"line":69,"column":null}}},"3":{"name":"(anonymous_7)","decl":{"start":{"line":70,"column":0},"end":{"line":70,"column":null}},"loc":{"start":{"line":70,"column":0},"end":{"line":70,"column":null}}},"4":{"name":"(anonymous_9)","decl":{"start":{"line":85,"column":0},"end":{"line":85,"column":null}},"loc":{"start":{"line":85,"column":0},"end":{"line":97,"column":null}}}},"branchMap":{},"s":{"0":1,"1":2,"2":2,"3":0,"4":2,"5":1},"f":{"0":2,"1":2,"2":0,"3":2,"4":1},"b":{}}
,"C:\\Users\\denis\\Documents\\projetos\\hypery_vue\\src\\views\\app\\Home\\Home.vue": {"path":"C:\\Users\\denis\\Documents\\projetos\\hypery_vue\\src\\views\\app\\Home\\Home.vue","statementMap":{"0":{"start":{"line":52,"column":0},"end":{"line":52,"column":null}},"1":{"start":{"line":53,"column":0},"end":{"line":53,"column":null}},"2":{"start":{"line":59,"column":0},"end":{"line":59,"column":null}},"3":{"start":{"line":63,"column":0},"end":{"line":63,"column":null}},"4":{"start":{"line":82,"column":0},"end":{"line":82,"column":null}},"5":{"start":{"line":91,"column":0},"end":{"line":93,"column":null}},"6":{"start":{"line":92,"column":0},"end":{"line":92,"column":null}},"7":{"start":{"line":94,"column":0},"end":{"line":94,"column":null}},"8":{"start":{"line":98,"column":0},"end":{"line":98,"column":null}},"9":{"start":{"line":99,"column":0},"end":{"line":118,"column":null}},"10":{"start":{"line":100,"column":0},"end":{"line":100,"column":null}},"11":{"start":{"line":101,"column":0},"end":{"line":101,"column":null}},"12":{"start":{"line":102,"column":0},"end":{"line":102,"column":null}},"13":{"start":{"line":103,"column":0},"end":{"line":103,"column":null}},"14":{"start":{"line":104,"column":0},"end":{"line":106,"column":null}},"15":{"start":{"line":105,"column":0},"end":{"line":105,"column":null}},"16":{"start":{"line":108,"column":0},"end":{"line":108,"column":null}},"17":{"start":{"line":124,"column":0},"end":{"line":124,"column":null}}},"fnMap":{"0":{"name":"(anonymous_1)","decl":{"start":{"line":59,"column":0},"end":{"line":59,"column":null}},"loc":{"start":{"line":59,"column":0},"end":{"line":59,"column":null}}},"1":{"name":"(anonymous_3)","decl":{"start":{"line":62,"column":0},"end":{"line":62,"column":null}},"loc":{"start":{"line":62,"column":0},"end":{"line":73,"column":null}}},"2":{"name":"(anonymous_4)","decl":{"start":{"line":81,"column":0},"end":{"line":81,"column":null}},"loc":{"start":{"line":81,"column":0},"end":{"line":83,"column":null}}},"3":{"name":"(anonymous_5)","decl":{"start":{"line":90,"column":0},"end":{"line":90,"column":null}},"loc":{"start":{"line":90,"column":0},"end":{"line":119,"column":null}}},"4":{"name":"(anonymous_6)","decl":{"start":{"line":99,"column":0},"end":{"line":99,"column":null}},"loc":{"start":{"line":99,"column":0},"end":{"line":107,"column":null}}},"5":{"name":"(anonymous_7)","decl":{"start":{"line":104,"column":0},"end":{"line":104,"column":null}},"loc":{"start":{"line":104,"column":0},"end":{"line":106,"column":null}}},"6":{"name":"(anonymous_8)","decl":{"start":{"line":107,"column":0},"end":{"line":107,"column":null}},"loc":{"start":{"line":107,"column":0},"end":{"line":118,"column":null}}},"7":{"name":"(anonymous_9)","decl":{"start":{"line":123,"column":0},"end":{"line":123,"column":null}},"loc":{"start":{"line":123,"column":0},"end":{"line":125,"column":null}}}},"branchMap":{"0":{"loc":{"start":{"line":91,"column":0},"end":{"line":93,"column":null}},"type":"if","locations":[{"start":{"line":91,"column":0},"end":{"line":93,"column":null}},{"start":{"line":91,"column":0},"end":{"line":93,"column":null}}]},"1":{"loc":{"start":{"line":103,"column":0},"end":{"line":103,"column":null}},"type":"cond-expr","locations":[{"start":{"line":103,"column":0},"end":{"line":103,"column":null}},{"start":{"line":103,"column":0},"end":{"line":103,"column":null}}]},"2":{"loc":{"start":{"line":115,"column":0},"end":{"line":115,"column":null}},"type":"binary-expr","locations":[{"start":{"line":115,"column":0},"end":{"line":115,"column":null}},{"start":{"line":115,"column":0},"end":{"line":115,"column":null}}]}},"s":{"0":0,"1":0,"2":0,"3":0,"4":0,"5":0,"6":0,"7":0,"8":0,"9":0,"10":0,"11":0,"12":0,"13":0,"14":0,"15":0,"16":0,"17":0},"f":{"0":0,"1":0,"2":0,"3":0,"4":0,"5":0,"6":0,"7":0},"b":{"0":[0,0],"1":[0,0],"2":[0,0]}}
}
