TN:
SF:src\components\MoviesGrid.vue
FN:37,(anonymous_1)
FN:47,(anonymous_2)
FN:52,(anonymous_3)
FN:56,(anonymous_4)
FNF:4
FNH:0
FNDA:0,(anonymous_1)
FNDA:0,(anonymous_2)
FNDA:0,(anonymous_3)
FNDA:0,(anonymous_4)
DA:32,0
DA:38,0
DA:53,0
DA:57,0
DA:58,0
DA:59,0
DA:60,0
DA:61,0
DA:62,0
DA:65,0
LF:10
LH:0
BRDA:57,0,0,0
BRDA:57,0,1,0
BRDA:59,1,0,0
BRDA:59,1,1,0
BRDA:61,2,0,0
BRDA:61,2,1,0
BRF:6
BRH:0
end_of_record
TN:
SF:src\components\shared\AppToolbar.vue
FN:18,(anonymous_1)
FN:25,(anonymous_2)
FN:28,(anonymous_3)
FN:37,(anonymous_4)
FNF:4
FNH:3
FNDA:2,(anonymous_1)
FNDA:2,(anonymous_2)
FNDA:0,(anonymous_3)
FNDA:2,(anonymous_4)
DA:13,1
DA:19,2
DA:26,2
DA:28,2
DA:29,0
DA:38,2
DA:39,2
LF:7
LH:6
BRF:0
BRH:0
end_of_record
TN:
SF:src\components\shared\CustomLoader.vue
FN:18,(anonymous_1)
FN:26,(anonymous_2)
FNF:2
FNH:0
FNDA:0,(anonymous_1)
FNDA:0,(anonymous_2)
DA:13,0
DA:19,0
DA:26,0
LF:3
LH:0
BRF:0
BRH:0
end_of_record
TN:
SF:src\components\shared\DrawerComponent.vue
FN:86,(anonymous_1)
FN:108,(anonymous_2)
FN:111,(anonymous_3)
FN:124,(anonymous_4)
FN:130,(anonymous_5)
FN:139,(anonymous_6)
FN:145,(anonymous_7)
FNF:7
FNH:3
FNDA:2,(anonymous_1)
FNDA:2,(anonymous_2)
FNDA:0,(anonymous_3)
FNDA:0,(anonymous_4)
FNDA:0,(anonymous_5)
FNDA:2,(anonymous_6)
FNDA:0,(anonymous_7)
DA:81,1
DA:87,2
DA:109,2
DA:111,2
DA:112,0
DA:115,2
DA:116,2
DA:125,0
DA:126,0
DA:131,0
DA:132,0
DA:140,2
DA:146,0
LF:13
LH:7
BRDA:115,0,0,2
BRDA:115,0,1,0
BRDA:125,1,0,0
BRDA:125,1,1,0
BRDA:131,2,0,0
BRDA:131,2,1,0
BRF:6
BRH:1
end_of_record
TN:
SF:src\components\shared\Footer.vue
FN:18,(anonymous_1)
FNF:1
FNH:0
FNDA:0,(anonymous_1)
DA:19,0
LF:1
LH:0
BRF:0
BRH:0
end_of_record
TN:
SF:src\store\index.js
FNF:0
FNH:0
DA:5,0
LF:1
LH:0
BRF:0
BRH:0
end_of_record
TN:
SF:src\store\helpers\helpers.store.js
FN:16,(anonymous_0)
FN:22,(anonymous_1)
FN:28,(anonymous_2)
FN:29,(anonymous_3)
FN:30,(anonymous_4)
FN:31,(anonymous_5)
FNF:6
FNH:0
FNDA:0,(anonymous_0)
FNDA:0,(anonymous_1)
FNDA:0,(anonymous_2)
FNDA:0,(anonymous_3)
FNDA:0,(anonymous_4)
FNDA:0,(anonymous_5)
DA:17,0
DA:23,0
DA:28,0
DA:29,0
DA:30,0
DA:31,0
LF:6
LH:0
BRF:0
BRH:0
end_of_record
TN:
SF:src\store\mock\Index.js
FNF:0
FNH:0
LF:0
LH:0
BRF:0
BRH:0
end_of_record
TN:
SF:src\views\app\Layout.vue
FN:67,(anonymous_1)
FN:68,(anonymous_3)
FN:69,(anonymous_5)
FN:70,(anonymous_7)
FN:85,(anonymous_9)
FNF:5
FNH:4
FNDA:2,(anonymous_1)
FNDA:2,(anonymous_3)
FNDA:0,(anonymous_5)
FNDA:2,(anonymous_7)
FNDA:1,(anonymous_9)
DA:61,1
DA:67,2
DA:68,2
DA:69,0
DA:70,2
DA:86,1
LF:6
LH:5
BRF:0
BRH:0
end_of_record
TN:
SF:src\views\app\Home\Home.vue
FN:59,(anonymous_1)
FN:62,(anonymous_3)
FN:81,(anonymous_4)
FN:90,(anonymous_5)
FN:99,(anonymous_6)
FN:104,(anonymous_7)
FN:107,(anonymous_8)
FN:123,(anonymous_9)
FNF:8
FNH:0
FNDA:0,(anonymous_1)
FNDA:0,(anonymous_3)
FNDA:0,(anonymous_4)
FNDA:0,(anonymous_5)
FNDA:0,(anonymous_6)
FNDA:0,(anonymous_7)
FNDA:0,(anonymous_8)
FNDA:0,(anonymous_9)
DA:52,0
DA:53,0
DA:59,0
DA:63,0
DA:82,0
DA:91,0
DA:92,0
DA:94,0
DA:98,0
DA:99,0
DA:100,0
DA:101,0
DA:102,0
DA:103,0
DA:104,0
DA:105,0
DA:108,0
DA:124,0
LF:18
LH:0
BRDA:91,0,0,0
BRDA:91,0,1,0
BRDA:103,1,0,0
BRDA:103,1,1,0
BRDA:115,2,0,0
BRDA:115,2,1,0
BRF:6
BRH:0
end_of_record
